#
# There is insufficient memory for the Java Runtime Environment to continue.
# Native memory allocation (malloc) failed to allocate 1236656 bytes for Chunk::new
# Possible reasons:
#   The system is out of physical RAM or swap space
#   The process is running with CompressedOops enabled, and the Java Heap may be blocking the growth of the native heap
# Possible solutions:
#   Reduce memory load on the system
#   Increase physical memory or swap space
#   Check if swap backing store is full
#   Decrease Java heap size (-Xmx/-Xms)
#   Decrease number of Java threads
#   Decrease Java thread stack sizes (-Xss)
#   Set larger code cache with -XX:ReservedCodeCacheSize=
#   JVM is running with Unscaled Compressed Oops mode in which the Java heap is
#     placed in the first 4GB address space. The Java Heap base address is the
#     maximum limit for the native heap growth. Please use -XX:HeapBaseMinAddress
#     to set the Java Heap base and to place the Java Heap above 4GB virtual address.
# This output file may be truncated or incomplete.
#
#  Out of Memory Error (allocation.cpp:389), pid=10844, tid=0x00000000000042f8
#
# JRE version: OpenJDK Runtime Environment (8.0_242-b01) (build 1.8.0_242-release-1644-b01)
# Java VM: OpenJDK 64-Bit Server VM (25.242-b01 mixed mode windows-amd64 compressed oops)
# Failed to write core dump. Minidumps are not enabled by default on client versions of Windows
#

---------------  T H R E A D  ---------------

Current thread (0x0000000019c00000):  JavaThread "C2 CompilerThread0" daemon [_thread_in_native, id=17144, stack(0x000000001a3e0000,0x000000001a4e0000)]

Stack: [0x000000001a3e0000,0x000000001a4e0000]
[error occurred during error reporting (printing stack bounds), id 0xc0000005]

Native frames: (J=compiled Java code, j=interpreted, Vv=VM code, C=native code)


Current CompileTask:
C2: 384688 16660       4       org.objectweb.asm.ClassReader::accept (1251 bytes)


---------------  P R O C E S S  ---------------

Java Threads: ( => current thread )
  0x0000000021218800 JavaThread "WorkerExecutor Queue Thread 5" [_thread_blocked, id=14588, stack(0x0000000029260000,0x0000000029360000)]
  0x000000002121b800 JavaThread "WorkerExecutor Queue Thread 4" [_thread_blocked, id=13256, stack(0x0000000029160000,0x0000000029260000)]
  0x000000002121a800 JavaThread "WorkerExecutor Queue Thread 3" [_thread_blocked, id=7764, stack(0x0000000029060000,0x0000000029160000)]
  0x000000002121f000 JavaThread "WorkerExecutor Queue Thread 2" [_thread_blocked, id=11472, stack(0x0000000028f60000,0x0000000029060000)]
  0x0000000021219000 JavaThread "stdout" [_thread_in_native, id=5096, stack(0x0000000028e60000,0x0000000028f60000)]
  0x0000000021216800 JavaThread "stderr" [_thread_in_native, id=7576, stack(0x0000000028c30000,0x0000000028d30000)]
  0x0000000021216000 JavaThread "pool-8-thread-1" [_thread_blocked, id=15920, stack(0x0000000028b30000,0x0000000028c30000)]
  0x000000001feaa800 JavaThread "WorkerExecutor Queue" [_thread_blocked, id=8084, stack(0x0000000028810000,0x0000000028910000)]
  0x000000001fea9800 JavaThread "Cache worker for execution history cache (E:\MyApplication2\.gradle\6.1.1\executionHistory)" [_thread_blocked, id=13524, stack(0x0000000028710000,0x0000000028810000)]
  0x000000001fea9000 JavaThread "Execution worker for ':' Thread 7" [_thread_blocked, id=6328, stack(0x0000000028610000,0x0000000028710000)]
  0x000000001fea7800 JavaThread "Execution worker for ':' Thread 6" [_thread_in_Java, id=9696, stack(0x0000000028510000,0x0000000028610000)]
  0x000000001fea8000 JavaThread "Execution worker for ':' Thread 5" [_thread_blocked, id=16380, stack(0x0000000028410000,0x0000000028510000)]
  0x000000001fea0000 JavaThread "Execution worker for ':' Thread 4" [_thread_blocked, id=408, stack(0x0000000028310000,0x0000000028410000)]
  0x000000001fea6000 JavaThread "Execution worker for ':' Thread 3" [_thread_blocked, id=1672, stack(0x0000000028210000,0x0000000028310000)]
  0x000000001fea6800 JavaThread "Execution worker for ':' Thread 2" [_thread_blocked, id=7036, stack(0x0000000028110000,0x0000000028210000)]
  0x000000001fea4800 JavaThread "Execution worker for ':'" [_thread_blocked, id=10152, stack(0x0000000028010000,0x0000000028110000)]
  0x000000001fe9d000 JavaThread "Cache worker for file content cache (E:\MyApplication2\.gradle\6.1.1\fileContent)" [_thread_blocked, id=5976, stack(0x0000000027cd0000,0x0000000027dd0000)]
  0x000000001fea3800 JavaThread "Cache worker for Build Output Cleanup Cache (E:\MyApplication2\.gradle\buildOutputCleanup)" [_thread_blocked, id=9444, stack(0x0000000024970000,0x0000000024a70000)]
  0x000000001fe9c000 JavaThread "Build operations Thread 8" [_thread_blocked, id=3220, stack(0x0000000024870000,0x0000000024970000)]
  0x000000001fea3000 JavaThread "Build operations Thread 7" [_thread_blocked, id=6840, stack(0x0000000024770000,0x0000000024870000)]
  0x000000001fe9f000 JavaThread "Build operations Thread 6" [_thread_blocked, id=3144, stack(0x0000000024380000,0x0000000024480000)]
  0x000000001fe9e800 JavaThread "Build operations Thread 5" [_thread_blocked, id=9860, stack(0x0000000024280000,0x0000000024380000)]
  0x000000001fe9b800 JavaThread "Build operations Thread 4" [_thread_blocked, id=6992, stack(0x0000000022f90000,0x0000000023090000)]
  0x000000001fe9d800 JavaThread "Build operations Thread 3" [_thread_blocked, id=16372, stack(0x0000000022a80000,0x0000000022b80000)]
  0x000000001e75e800 JavaThread "Build operations Thread 2" [_thread_blocked, id=12252, stack(0x0000000021e80000,0x0000000021f80000)]
  0x000000001e75c800 JavaThread "Build operations" [_thread_blocked, id=11544, stack(0x0000000020d40000,0x0000000020e40000)]
  0x000000001e759800 JavaThread "Cache worker for cache directory md-rule (C:\Users\lenovo\.gradle\caches\6.1.1\md-rule)" [_thread_blocked, id=17304, stack(0x0000000020c40000,0x0000000020d40000)]
  0x000000001e75f800 JavaThread "Cache worker for cache directory md-supplier (C:\Users\lenovo\.gradle\caches\6.1.1\md-supplier)" [_thread_blocked, id=17148, stack(0x000000001f920000,0x000000001fa20000)]
  0x000000001e752000 JavaThread "Cache worker for file hash cache (E:\MyApplication2\.gradle\6.1.1\fileHashes)" [_thread_blocked, id=6624, stack(0x000000001e650000,0x000000001e750000)]
  0x000000001e758800 JavaThread "Cache worker for checksums cache (E:\MyApplication2\.gradle\checksums)" [_thread_blocked, id=14616, stack(0x000000001dd50000,0x000000001de50000)]
  0x000000001e758000 JavaThread "Thread-103" [_thread_blocked, id=2340, stack(0x000000001dc50000,0x000000001dd50000)]
  0x000000001e756800 JavaThread "Stdin handler" [_thread_blocked, id=17400, stack(0x000000001db50000,0x000000001dc50000)]
  0x000000001e755800 JavaThread "Asynchronous log dispatcher for DefaultDaemonConnection: socket connection from /127.0.0.1:9641 to /127.0.0.1:10162" [_thread_blocked, id=16316, stack(0x000000001da50000,0x000000001db50000)]
  0x000000001e755000 JavaThread "Cancel handler" [_thread_blocked, id=17028, stack(0x0000000000e40000,0x0000000000f40000)]
  0x000000001e750800 JavaThread "Handler for socket connection from /127.0.0.1:9641 to /127.0.0.1:10162" [_thread_in_native, id=4032, stack(0x0000000000d40000,0x0000000000e40000)]
  0x000000002121a000 JavaThread "Daemon worker Thread 3" [_thread_blocked, id=15752, stack(0x000000001d750000,0x000000001d850000)]
  0x0000000021217800 JavaThread "Daemon Thread 3" [_thread_blocked, id=7868, stack(0x0000000000c40000,0x0000000000d40000)]
  0x000000002121d800 JavaThread "MarlinRenderer Disposer" daemon [_thread_blocked, id=11940, stack(0x0000000029980000,0x0000000029a80000)]
  0x0000000021215000 JavaThread "Java2D Disposer" daemon [_thread_blocked, id=2996, stack(0x0000000028d60000,0x0000000028e60000)]
  0x000000001fea2000 JavaThread "Cache worker for file content cache (C:\Users\lenovo\.gradle\caches\6.1.1\fileContent)" [_thread_blocked, id=5412, stack(0x0000000025170000,0x0000000025270000)]
  0x000000001fea0800 JavaThread "Memory manager" [_thread_blocked, id=4156, stack(0x0000000024a70000,0x0000000024b70000)]
  0x000000001c6ed000 JavaThread "Cache worker for execution history cache (C:\Users\lenovo\.gradle\caches\6.1.1\executionHistory)" [_thread_blocked, id=14392, stack(0x0000000022180000,0x0000000022280000)]
  0x000000001c6f0800 JavaThread "Cache worker for file hash cache (C:\Users\lenovo\.gradle\caches\6.1.1\fileHashes)" [_thread_blocked, id=13972, stack(0x000000001e550000,0x000000001e650000)]
  0x000000001c6ed800 JavaThread "File lock request listener" [_thread_in_native, id=9044, stack(0x000000001e450000,0x000000001e550000)]
  0x000000001c6ee800 JavaThread "Cache worker for journal cache (C:\Users\lenovo\.gradle\caches\journal-1)" [_thread_blocked, id=15248, stack(0x000000001e350000,0x000000001e450000)]
  0x000000001c4b2800 JavaThread "Daemon periodic checks" [_thread_blocked, id=17264, stack(0x000000001d650000,0x000000001d750000)]
  0x000000001c4b1000 JavaThread "Incoming local TCP Connector on port 9641" [_thread_in_native, id=4996, stack(0x000000001d4a0000,0x000000001d5a0000)]
  0x000000001c405000 JavaThread "Daemon health stats" [_thread_blocked, id=264, stack(0x000000001d380000,0x000000001d480000)]
  0x0000000019c97800 JavaThread "Service Thread" daemon [_thread_blocked, id=13752, stack(0x000000001a7e0000,0x000000001a8e0000)]
  0x0000000019c12800 JavaThread "C1 CompilerThread3" daemon [_thread_blocked, id=8516, stack(0x000000001a6e0000,0x000000001a7e0000)]
  0x0000000019c0b800 JavaThread "C2 CompilerThread2" daemon [_thread_blocked, id=11828, stack(0x000000001a5e0000,0x000000001a6e0000)]
  0x0000000019c03000 JavaThread "C2 CompilerThread1" daemon [_thread_blocked, id=13504, stack(0x000000001a4e0000,0x000000001a5e0000)]
=>0x0000000019c00000 JavaThread "C2 CompilerThread0" daemon [_thread_in_native, id=17144, stack(0x000000001a3e0000,0x000000001a4e0000)]
  0x0000000019bfd800 JavaThread "Attach Listener" daemon [_thread_blocked, id=9272, stack(0x000000001a2e0000,0x000000001a3e0000)]
  0x0000000019baa800 JavaThread "Signal Dispatcher" daemon [_thread_blocked, id=14040, stack(0x000000001a1e0000,0x000000001a2e0000)]
  0x0000000019b90800 JavaThread "Finalizer" daemon [_thread_blocked, id=17296, stack(0x000000001a070000,0x000000001a170000)]
  0x0000000002d17800 JavaThread "Reference Handler" daemon [_thread_blocked, id=8092, stack(0x0000000019f70000,0x000000001a070000)]
  0x0000000002c22800 JavaThread "main" [_thread_blocked, id=16536, stack(0x0000000002b20000,0x0000000002c20000)]

Other Threads:
  0x0000000017d88000 VMThread [stack: 0x0000000019a70000,0x0000000019b70000] [id=9560]
  0x0000000019ca1000 WatcherThread [stack: 0x000000001a8e0000,0x000000001a9e0000] [id=16600]

VM state:not at safepoint (normal execution)

VM Mutex/Monitor currently owned by a thread: None

heap address: 0x0000000080000000, size: 2048 MB, Compressed Oops mode: 32-bit
Narrow klass base: 0x0000000000000000, Narrow klass shift: 3
Compressed class space size: 1073741824 Address: 0x0000000100000000

Heap:
 PSYoungGen      total 415744K, used 170223K [0x00000000d5580000, 0x00000000f0e00000, 0x0000000100000000)
  eden space 380416K, 44% used [0x00000000d5580000,0x00000000dfbbbdb0,0x00000000ec900000)
  from space 35328K, 0% used [0x00000000ec900000,0x00000000ec900000,0x00000000eeb80000)
  to   space 27648K, 0% used [0x00000000eef00000,0x00000000eef00000,0x00000000f0a00000)
 ParOldGen       total 115200K, used 78358K [0x0000000080000000, 0x0000000087080000, 0x00000000d5580000)
  object space 115200K, 68% used [0x0000000080000000,0x0000000084c85ac0,0x0000000087080000)
 Metaspace       used 95707K, capacity 100346K, committed 100864K, reserved 1136640K
  class space    used 12536K, capacity 13429K, committed 13568K, reserved 1048576K

Card table byte_map: [0x00000000120e0000,0x00000000124f0000] byte_map_base: 0x0000000011ce0000

Marking Bits: (ParMarkBitMap*) 0x000000006e14f030
 Begin Bits: [0x0000000012fa0000, 0x0000000014fa0000)
 End Bits:   [0x0000000014fa0000, 0x0000000016fa0000)

Polling page: 0x0000000002720000

CodeCache: size=245760Kb used=46480Kb max_used=46995Kb free=199279Kb
 bounds [0x0000000002d20000, 0x0000000005b80000, 0x0000000011d20000]
 total_blobs=14871 nmethods=13880 adapters=902
 compilation: enabled

Compilation events (10 events):
Event: 384.600 Thread 0x0000000019c03000 16675       4       org.objectweb.asm.SymbolTable::hash (10 bytes)
Event: 384.604 Thread 0x0000000019c03000 nmethod 16675 0x000000000561d850 code [0x000000000561d980, 0x000000000561dad8]
Event: 384.604 Thread 0x0000000019c03000 16669       4       org.objectweb.asm.AnnotationVisitor::<init> (66 bytes)
Event: 384.604 Thread 0x0000000019c03000 nmethod 16669 0x000000000334b210 code [0x000000000334b340, 0x000000000334b3d8]
Event: 384.604 Thread 0x0000000019c03000 16666       4       com.google.common.collect.ComparisonChain$1::compareFalseFirst (10 bytes)
Event: 384.605 Thread 0x0000000019c03000 nmethod 16666 0x0000000003029010 code [0x0000000003029140, 0x00000000030291d8]
Event: 384.663 Thread 0x0000000019c0b800 nmethod 16668 0x0000000004096c50 code [0x0000000004096f80, 0x00000000040994f8]
Event: 384.669 Thread 0x0000000019c03000 16684       4       java.io.PushbackInputStream::read (145 bytes)
Event: 384.673 Thread 0x0000000019c03000 nmethod 16684 0x0000000003a6df90 code [0x0000000003a6e0e0, 0x0000000003a6e358]
Event: 384.682 Thread 0x0000000019c0b800 16685       4       org.gradle.api.internal.tasks.compile.SortingAnnotationVisitor::visitEnd (118 bytes)

GC Heap History (10 events):
Event: 26.614 GC heap before
{Heap before GC invocations=13 (full 3):
 PSYoungGen      total 348160K, used 19604K [0x00000000d5580000, 0x00000000ec280000, 0x0000000100000000)
  eden space 327680K, 0% used [0x00000000d5580000,0x00000000d5580000,0x00000000e9580000)
  from space 20480K, 95% used [0x00000000eac00000,0x00000000ebf25310,0x00000000ec000000)
  to   space 23040K, 0% used [0x00000000e9580000,0x00000000e9580000,0x00000000eac00000)
 ParOldGen       total 73216K, used 26808K [0x0000000080000000, 0x0000000084780000, 0x00000000d5580000)
  object space 73216K, 36% used [0x0000000080000000,0x0000000081a2e018,0x0000000084780000)
 Metaspace       used 56715K, capacity 58900K, committed 59008K, reserved 1099776K
  class space    used 7564K, capacity 8040K, committed 8064K, reserved 1048576K
Event: 27.084 GC heap after
Heap after GC invocations=13 (full 3):
 PSYoungGen      total 348160K, used 0K [0x00000000d5580000, 0x00000000ec280000, 0x0000000100000000)
  eden space 327680K, 0% used [0x00000000d5580000,0x00000000d5580000,0x00000000e9580000)
  from space 20480K, 0% used [0x00000000eac00000,0x00000000eac00000,0x00000000ec000000)
  to   space 23040K, 0% used [0x00000000e9580000,0x00000000e9580000,0x00000000eac00000)
 ParOldGen       total 115200K, used 31800K [0x0000000080000000, 0x0000000087080000, 0x00000000d5580000)
  object space 115200K, 27% used [0x0000000080000000,0x0000000081f0e008,0x0000000087080000)
 Metaspace       used 56647K, capacity 58724K, committed 59008K, reserved 1099776K
  class space    used 7546K, capacity 8016K, committed 8064K, reserved 1048576K
}
Event: 34.920 GC heap before
{Heap before GC invocations=14 (full 3):
 PSYoungGen      total 348160K, used 327680K [0x00000000d5580000, 0x00000000ec280000, 0x0000000100000000)
  eden space 327680K, 100% used [0x00000000d5580000,0x00000000e9580000,0x00000000e9580000)
  from space 20480K, 0% used [0x00000000eac00000,0x00000000eac00000,0x00000000ec000000)
  to   space 23040K, 0% used [0x00000000e9580000,0x00000000e9580000,0x00000000eac00000)
 ParOldGen       total 115200K, used 31800K [0x0000000080000000, 0x0000000087080000, 0x00000000d5580000)
  object space 115200K, 27% used [0x0000000080000000,0x0000000081f0e008,0x0000000087080000)
 Metaspace       used 73922K, capacity 77350K, committed 77568K, reserved 1116160K
  class space    used 9991K, capacity 10675K, committed 10752K, reserved 1048576K
Event: 34.971 GC heap after
Heap after GC invocations=14 (full 3):
 PSYoungGen      total 350720K, used 23016K [0x00000000d5580000, 0x00000000f0a00000, 0x0000000100000000)
  eden space 327680K, 0% used [0x00000000d5580000,0x00000000d5580000,0x00000000e9580000)
  from space 23040K, 99% used [0x00000000e9580000,0x00000000eabfa140,0x00000000eac00000)
  to   space 27648K, 0% used [0x00000000eef00000,0x00000000eef00000,0x00000000f0a00000)
 ParOldGen       total 115200K, used 35119K [0x0000000080000000, 0x0000000087080000, 0x00000000d5580000)
  object space 115200K, 30% used [0x0000000080000000,0x000000008224be98,0x0000000087080000)
 Metaspace       used 73922K, capacity 77350K, committed 77568K, reserved 1116160K
  class space    used 9991K, capacity 10675K, committed 10752K, reserved 1048576K
}
Event: 117.230 GC heap before
{Heap before GC invocations=15 (full 3):
 PSYoungGen      total 350720K, used 350696K [0x00000000d5580000, 0x00000000f0a00000, 0x0000000100000000)
  eden space 327680K, 100% used [0x00000000d5580000,0x00000000e9580000,0x00000000e9580000)
  from space 23040K, 99% used [0x00000000e9580000,0x00000000eabfa140,0x00000000eac00000)
  to   space 27648K, 0% used [0x00000000eef00000,0x00000000eef00000,0x00000000f0a00000)
 ParOldGen       total 115200K, used 35119K [0x0000000080000000, 0x0000000087080000, 0x00000000d5580000)
  object space 115200K, 30% used [0x0000000080000000,0x000000008224be98,0x0000000087080000)
 Metaspace       used 85607K, capacity 89636K, committed 89728K, reserved 1126400K
  class space    used 11266K, capacity 12094K, committed 12160K, reserved 1048576K
Event: 117.301 GC heap after
Heap after GC invocations=15 (full 3):
 PSYoungGen      total 408064K, used 27632K [0x00000000d5580000, 0x00000000f0e00000, 0x0000000100000000)
  eden space 380416K, 0% used [0x00000000d5580000,0x00000000d5580000,0x00000000ec900000)
  from space 27648K, 99% used [0x00000000eef00000,0x00000000f09fc248,0x00000000f0a00000)
  to   space 35328K, 0% used [0x00000000ec900000,0x00000000ec900000,0x00000000eeb80000)
 ParOldGen       total 115200K, used 44514K [0x0000000080000000, 0x0000000087080000, 0x00000000d5580000)
  object space 115200K, 38% used [0x0000000080000000,0x0000000082b78948,0x0000000087080000)
 Metaspace       used 85607K, capacity 89636K, committed 89728K, reserved 1126400K
  class space    used 11266K, capacity 12094K, committed 12160K, reserved 1048576K
}
Event: 374.592 GC heap before
{Heap before GC invocations=16 (full 3):
 PSYoungGen      total 408064K, used 404618K [0x00000000d5580000, 0x00000000f0e00000, 0x0000000100000000)
  eden space 380416K, 99% used [0x00000000d5580000,0x00000000ec5a6790,0x00000000ec900000)
  from space 27648K, 99% used [0x00000000eef00000,0x00000000f09fc248,0x00000000f0a00000)
  to   space 35328K, 0% used [0x00000000ec900000,0x00000000ec900000,0x00000000eeb80000)
 ParOldGen       total 115200K, used 44514K [0x0000000080000000, 0x0000000087080000, 0x00000000d5580000)
  object space 115200K, 38% used [0x0000000080000000,0x0000000082b78948,0x0000000087080000)
 Metaspace       used 93371K, capacity 98194K, committed 98304K, reserved 1134592K
  class space    used 12330K, capacity 13267K, committed 13312K, reserved 1048576K
Event: 374.939 GC heap after
Heap after GC invocations=16 (full 3):
 PSYoungGen      total 415744K, used 35083K [0x00000000d5580000, 0x00000000f0e00000, 0x0000000100000000)
  eden space 380416K, 0% used [0x00000000d5580000,0x00000000d5580000,0x00000000ec900000)
  from space 35328K, 99% used [0x00000000ec900000,0x00000000eeb42e08,0x00000000eeb80000)
  to   space 27648K, 0% used [0x00000000eef00000,0x00000000eef00000,0x00000000f0a00000)
 ParOldGen       total 115200K, used 63686K [0x0000000080000000, 0x0000000087080000, 0x00000000d5580000)
  object space 115200K, 55% used [0x0000000080000000,0x0000000083e31aa0,0x0000000087080000)
 Metaspace       used 93371K, capacity 98194K, committed 98304K, reserved 1134592K
  class space    used 12330K, capacity 13267K, committed 13312K, reserved 1048576K
}
Event: 374.939 GC heap before
{Heap before GC invocations=17 (full 4):
 PSYoungGen      total 415744K, used 35083K [0x00000000d5580000, 0x00000000f0e00000, 0x0000000100000000)
  eden space 380416K, 0% used [0x00000000d5580000,0x00000000d5580000,0x00000000ec900000)
  from space 35328K, 99% used [0x00000000ec900000,0x00000000eeb42e08,0x00000000eeb80000)
  to   space 27648K, 0% used [0x00000000eef00000,0x00000000eef00000,0x00000000f0a00000)
 ParOldGen       total 115200K, used 63686K [0x0000000080000000, 0x0000000087080000, 0x00000000d5580000)
  object space 115200K, 55% used [0x0000000080000000,0x0000000083e31aa0,0x0000000087080000)
 Metaspace       used 93371K, capacity 98194K, committed 98304K, reserved 1134592K
  class space    used 12330K, capacity 13267K, committed 13312K, reserved 1048576K
Event: 377.940 GC heap after
Heap after GC invocations=17 (full 4):
 PSYoungGen      total 415744K, used 0K [0x00000000d5580000, 0x00000000f0e00000, 0x0000000100000000)
  eden space 380416K, 0% used [0x00000000d5580000,0x00000000d5580000,0x00000000ec900000)
  from space 35328K, 0% used [0x00000000ec900000,0x00000000ec900000,0x00000000eeb80000)
  to   space 27648K, 0% used [0x00000000eef00000,0x00000000eef00000,0x00000000f0a00000)
 ParOldGen       total 115200K, used 78358K [0x0000000080000000, 0x0000000087080000, 0x00000000d5580000)
  object space 115200K, 68% used [0x0000000080000000,0x0000000084c85ac0,0x0000000087080000)
 Metaspace       used 93118K, capacity 97460K, committed 98304K, reserved 1134592K
  class space    used 12247K, capacity 13120K, committed 13312K, reserved 1048576K
}

Deoptimization events (10 events):
Event: 384.187 Thread 0x000000002121c000 Uncommon trap: reason=unstable_if action=reinterpret pc=0x000000000391cd80 method=com.android.tools.r8.dex.t.a(Ljava/lang/Object;Lcom/android/tools/r8/v/a/a/a/h/N;)I @ 1
Event: 384.438 Thread 0x000000001fea7800 Uncommon trap: reason=class_check action=maybe_recompile pc=0x0000000005b486dc method=org.objectweb.asm.ClassReader.readCode(Lorg/objectweb/asm/MethodVisitor;Lorg/objectweb/asm/Context;I)V @ 3875
Event: 384.441 Thread 0x000000001fea7800 Uncommon trap: reason=unstable_if action=reinterpret pc=0x00000000059a3f90 method=org.objectweb.asm.ClassReader.readUtf(II[C)Ljava/lang/String; @ 41
Event: 384.441 Thread 0x000000001fea7800 Uncommon trap: reason=unstable_if action=reinterpret pc=0x0000000003f202e4 method=org.objectweb.asm.ClassReader.readUtf(II[C)Ljava/lang/String; @ 41
Event: 384.441 Thread 0x000000001fea7800 Uncommon trap: reason=unstable_if action=reinterpret pc=0x0000000003249460 method=org.objectweb.asm.ClassReader.readUtf(II[C)Ljava/lang/String; @ 41
Event: 384.443 Thread 0x000000001fea7800 Uncommon trap: reason=unstable_if action=reinterpret pc=0x0000000003c563d0 method=org.objectweb.asm.ByteVector.putUTF8(Ljava/lang/String;)Lorg/objectweb/asm/ByteVector; @ 100
Event: 384.443 Thread 0x000000001fea7800 Uncommon trap: reason=unstable_if action=reinterpret pc=0x0000000003cd38f8 method=org.objectweb.asm.ByteVector.putUTF8(Ljava/lang/String;)Lorg/objectweb/asm/ByteVector; @ 100
Event: 384.443 Thread 0x000000001fea7800 Uncommon trap: reason=unstable_if action=reinterpret pc=0x000000000494e900 method=org.objectweb.asm.ByteVector.encodeUtf8(Ljava/lang/String;II)Lorg/objectweb/asm/ByteVector; @ 208
Event: 384.444 Thread 0x000000001fea7800 Uncommon trap: reason=unstable_if action=reinterpret pc=0x00000000033bc5f4 method=org.objectweb.asm.ByteVector.putUTF8(Ljava/lang/String;)Lorg/objectweb/asm/ByteVector; @ 100
Event: 384.491 Thread 0x000000001fea7800 Uncommon trap: reason=class_check action=maybe_recompile pc=0x0000000005b486dc method=org.objectweb.asm.ClassReader.readCode(Lorg/objectweb/asm/MethodVisitor;Lorg/objectweb/asm/Context;I)V @ 3875

Classes redefined (0 events):
No events

Internal exceptions (10 events):
Event: 373.442 Thread 0x000000001fea7800 Exception <a 'sun/nio/fs/WindowsException'> (0x00000000e86aa6f0) thrown at [C:\src\AOSP-openjdk-git\hotspot\src\share\vm\prims\jni.cpp, line 710]
Event: 373.442 Thread 0x000000001fea7800 Exception <a 'sun/nio/fs/WindowsException'> (0x00000000e86ab728) thrown at [C:\src\AOSP-openjdk-git\hotspot\src\share\vm\prims\jni.cpp, line 710]
Event: 373.491 Thread 0x000000002121f000 Exception <a 'sun/nio/fs/WindowsException'> (0x00000000e86d52e0) thrown at [C:\src\AOSP-openjdk-git\hotspot\src\share\vm\prims\jni.cpp, line 710]
Event: 374.160 Thread 0x0000000021221800 Implicit null exception at 0x00000000039b762f to 0x00000000039b7721
Event: 380.679 Thread 0x000000002121a800 Exception <a 'sun/nio/fs/WindowsException'> (0x00000000d778f1c8) thrown at [C:\src\AOSP-openjdk-git\hotspot\src\share\vm\prims\jni.cpp, line 710]
Event: 380.687 Thread 0x000000002121a800 Exception <a 'sun/nio/fs/WindowsException'> (0x00000000d7988d30) thrown at [C:\src\AOSP-openjdk-git\hotspot\src\share\vm\prims\jni.cpp, line 710]
Event: 380.688 Thread 0x000000002121a800 Exception <a 'sun/nio/fs/WindowsException'> (0x00000000d79891d8) thrown at [C:\src\AOSP-openjdk-git\hotspot\src\share\vm\prims\jni.cpp, line 710]
Event: 382.709 Thread 0x000000002121c000 Implicit null exception at 0x00000000055f5c4f to 0x00000000055f5db1
Event: 384.187 Thread 0x000000002121c000 Implicit null exception at 0x000000000391caaf to 0x000000000391cd6d
Event: 384.268 Thread 0x000000002121c000 Exception <a 'sun/nio/fs/WindowsException'> (0x00000000dde99c38) thrown at [C:\src\AOSP-openjdk-git\hotspot\src\share\vm\prims\jni.cpp, line 710]

Events (10 events):
Event: 384.443 Thread 0x000000001fea7800 DEOPT UNPACKING pc=0x0000000002d6557b sp=0x000000002860be78 mode 2
Event: 384.443 Thread 0x000000001fea7800 Uncommon trap: trap_request=0xffffff65 fr.pc=0x000000000494e900
Event: 384.443 Thread 0x000000001fea7800 DEOPT PACKING pc=0x000000000494e900 sp=0x000000002860be20
Event: 384.443 Thread 0x000000001fea7800 DEOPT UNPACKING pc=0x0000000002d6557b sp=0x000000002860bdd0 mode 2
Event: 384.444 Thread 0x000000001fea7800 Uncommon trap: trap_request=0xffffff65 fr.pc=0x00000000033bc5f4
Event: 384.444 Thread 0x000000001fea7800 DEOPT PACKING pc=0x00000000033bc5f4 sp=0x000000002860bee0
Event: 384.444 Thread 0x000000001fea7800 DEOPT UNPACKING pc=0x0000000002d6557b sp=0x000000002860be78 mode 2
Event: 384.491 Thread 0x000000001fea7800 Uncommon trap: trap_request=0xffffffde fr.pc=0x0000000005b486dc
Event: 384.491 Thread 0x000000001fea7800 DEOPT PACKING pc=0x0000000005b486dc sp=0x000000002860c060
Event: 384.491 Thread 0x000000001fea7800 DEOPT UNPACKING pc=0x0000000002d6557b sp=0x000000002860bfa0 mode 2


Dynamic libraries:
0x00007ff6b7cc0000 - 0x00007ff6b7cf1000 	C:\Program Files\Android\jre\bin\java.exe
0x00007ff9c0c00000 - 0x00007ff9c0df0000 	C:\WINDOWS\SYSTEM32\ntdll.dll
0x00007ff9bfe40000 - 0x00007ff9bfef2000 	C:\WINDOWS\System32\KERNEL32.DLL
0x00007ff9be960000 - 0x00007ff9bec05000 	C:\WINDOWS\System32\KERNELBASE.dll
0x00007ff9c0a70000 - 0x00007ff9c0b13000 	C:\WINDOWS\System32\ADVAPI32.dll
0x00007ff9c0b20000 - 0x00007ff9c0bbe000 	C:\WINDOWS\System32\msvcrt.dll
0x00007ff9c0910000 - 0x00007ff9c09a7000 	C:\WINDOWS\System32\sechost.dll
0x00007ff9bf6f0000 - 0x00007ff9bf810000 	C:\WINDOWS\System32\RPCRT4.dll
0x00007ff9bfaf0000 - 0x00007ff9bfc84000 	C:\WINDOWS\System32\USER32.dll
0x00007ff9bdb90000 - 0x00007ff9bdbb1000 	C:\WINDOWS\System32\win32u.dll
0x00007ff9bf810000 - 0x00007ff9bf836000 	C:\WINDOWS\System32\GDI32.dll
0x00007ff9bdd90000 - 0x00007ff9bdf26000 	C:\WINDOWS\System32\gdi32full.dll
0x00007ff9bec10000 - 0x00007ff9becae000 	C:\WINDOWS\System32\msvcp_win.dll
0x00007ff9bdf80000 - 0x00007ff9be07a000 	C:\WINDOWS\System32\ucrtbase.dll
0x00007ff99a3b0000 - 0x00007ff99a634000 	C:\WINDOWS\WinSxS\amd64_microsoft.windows.common-controls_6595b64144ccf1df_6.0.18362.1139_none_9e7bf2d3e4605ac6\COMCTL32.dll
0x00007ff9bf1a0000 - 0x00007ff9bf4d5000 	C:\WINDOWS\System32\combase.dll
0x00007ff9bdbc0000 - 0x00007ff9bdc40000 	C:\WINDOWS\System32\bcryptPrimitives.dll
0x00007ff9bfa00000 - 0x00007ff9bfa2e000 	C:\WINDOWS\System32\IMM32.DLL
0x000000006d8a0000 - 0x000000006d972000 	C:\Program Files\Android\jre\jre\bin\msvcr100.dll
0x000000006d980000 - 0x000000006e1cb000 	C:\Program Files\Android\jre\jre\bin\server\jvm.dll
0x00007ff9bfa30000 - 0x00007ff9bfa38000 	C:\WINDOWS\System32\PSAPI.DLL
0x00007ff9b8f00000 - 0x00007ff9b8f24000 	C:\WINDOWS\SYSTEM32\WINMM.dll
0x00007ff9b5730000 - 0x00007ff9b573a000 	C:\WINDOWS\SYSTEM32\VERSION.dll
0x00007ff9aeed0000 - 0x00007ff9aeed9000 	C:\WINDOWS\SYSTEM32\WSOCK32.dll
0x00007ff9bfdd0000 - 0x00007ff9bfe3f000 	C:\WINDOWS\System32\WS2_32.dll
0x00007ff9b8ed0000 - 0x00007ff9b8efd000 	C:\WINDOWS\SYSTEM32\WINMMBASE.dll
0x00007ff9bdf30000 - 0x00007ff9bdf7a000 	C:\WINDOWS\System32\cfgmgr32.dll
0x00007ff9bb670000 - 0x00007ff9bb67f000 	C:\Program Files\Android\jre\jre\bin\verify.dll
0x00007ff9b9190000 - 0x00007ff9b91b9000 	C:\Program Files\Android\jre\jre\bin\java.dll
0x00007ff9b9170000 - 0x00007ff9b9186000 	C:\Program Files\Android\jre\jre\bin\zip.dll
0x00007ff9c0210000 - 0x00007ff9c08f7000 	C:\WINDOWS\System32\SHELL32.dll
0x00007ff9bf570000 - 0x00007ff9bf619000 	C:\WINDOWS\System32\shcore.dll
0x00007ff9be080000 - 0x00007ff9be800000 	C:\WINDOWS\System32\windows.storage.dll
0x00007ff9bdb60000 - 0x00007ff9bdb83000 	C:\WINDOWS\System32\profapi.dll
0x00007ff9bdaf0000 - 0x00007ff9bdb3a000 	C:\WINDOWS\System32\powrprof.dll
0x00007ff9bdac0000 - 0x00007ff9bdad0000 	C:\WINDOWS\System32\UMPDC.dll
0x00007ff9bf840000 - 0x00007ff9bf892000 	C:\WINDOWS\System32\shlwapi.dll
0x00007ff9bdad0000 - 0x00007ff9bdae1000 	C:\WINDOWS\System32\kernel.appcore.dll
0x00007ff9be800000 - 0x00007ff9be817000 	C:\WINDOWS\System32\cryptsp.dll
0x00007ff9b8150000 - 0x00007ff9b816a000 	C:\Program Files\Android\jre\jre\bin\net.dll
0x00007ff9bd310000 - 0x00007ff9bd377000 	C:\WINDOWS\system32\mswsock.dll
0x00007ff9b8130000 - 0x00007ff9b8143000 	C:\Program Files\Android\jre\jre\bin\nio.dll
0x00007ff996e60000 - 0x00007ff996e86000 	C:\Users\lenovo\.gradle\native\31\windows-amd64\native-platform.dll
0x00007ff9b9590000 - 0x00007ff9b959d000 	C:\Program Files\Android\jre\jre\bin\management.dll
0x00007ff9bce80000 - 0x00007ff9bceb3000 	C:\WINDOWS\system32\rsaenh.dll
0x00007ff9be820000 - 0x00007ff9be846000 	C:\WINDOWS\System32\bcrypt.dll
0x00007ff9bd9a0000 - 0x00007ff9bd9c5000 	C:\WINDOWS\SYSTEM32\USERENV.dll
0x00007ff9bd4e0000 - 0x00007ff9bd4ec000 	C:\WINDOWS\SYSTEM32\CRYPTBASE.dll
0x00007ff9bd020000 - 0x00007ff9bd05a000 	C:\WINDOWS\SYSTEM32\IPHLPAPI.DLL
0x00007ff9c0900000 - 0x00007ff9c0908000 	C:\WINDOWS\System32\NSI.dll
0x00007ff9b69b0000 - 0x00007ff9b69c6000 	C:\WINDOWS\SYSTEM32\dhcpcsvc6.DLL
0x00007ff9b7270000 - 0x00007ff9b728c000 	C:\WINDOWS\SYSTEM32\dhcpcsvc.DLL
0x00007ff9bd060000 - 0x00007ff9bd12b000 	C:\WINDOWS\SYSTEM32\DNSAPI.dll
0x00007ff9971e0000 - 0x00007ff99737c000 	C:\Program Files\Android\jre\jre\bin\awt.dll
0x00007ff9bfd00000 - 0x00007ff9bfdc5000 	C:\WINDOWS\System32\OLEAUT32.dll
0x00007ff9bc240000 - 0x00007ff9bc26d000 	C:\WINDOWS\SYSTEM32\dwmapi.dll
0x00007ff9ba6a0000 - 0x00007ff9bac60000 	C:\WINDOWS\SYSTEM32\d2d1.dll
0x00007ff9bbc30000 - 0x00007ff9bbcbf000 	C:\WINDOWS\SYSTEM32\apphelp.dll
0x00007ff9bbd70000 - 0x00007ff9bbe09000 	C:\WINDOWS\system32\uxtheme.dll

VM Arguments:
jvm_args: -Xmx2048m -Dfile.encoding=GBK -Duser.country=CN -Duser.language=zh -Duser.variant 
java_command: org.gradle.launcher.daemon.bootstrap.GradleDaemon 6.1.1
java_class_path (initial): C:\Users\lenovo\.gradle\wrapper\dists\gradle-6.1.1-all\cfmwm155h49vnt3hynmlrsdst\gradle-6.1.1\lib\gradle-launcher-6.1.1.jar
Launcher Type: SUN_STANDARD

Environment Variables:
JAVA_HOME=C:\Program Files\Java\jdk-13.0.1
CLASSPATH=.;C:\Program Files\Java\jdk-13.0.1\lib\dt.jar;C:\Program Files\Java\jdk-13.0.1\lib\tools.jar
PATH=C:\ProgramData\Oracle\Java\javapath;C:\Program Files (x86)\Intel\Intel(R) Management Engine Components\iCLS\;C:\Program Files\Intel\Intel(R) Management Engine Components\iCLS\;C:\WINDOWS\system32;C:\WINDOWS;C:\WINDOWS\System32\Wbem;C:\WINDOWS\System32\WindowsPowerShell\v1.0\;C:\Program Files (x86)\Intel\Intel(R) Management Engine Components\DAL;C:\Program Files\Intel\Intel(R) Management Engine Components\DAL;C:\Program Files (x86)\Intel\Intel(R) Management Engine Components\IPT;C:\Program Files\Intel\Intel(R) Management Engine Components\IPT;C:\Program Files (x86)\Microsoft SQL Server\100\Tools\Binn\;C:\Program Files\Microsoft SQL Server\100\Tools\Binn\;C:\Program Files\Microsoft SQL Server\100\DTS\Binn\;C:\WINDOWS\System32\OpenSSH\;C:\Program Files\Java\jdk-13.0.1\bin;C:\Program Files\Common Files\Autodesk Shared\;C:\Program Files (x86)\Autodesk\Backburner\;D:\Program Files\Java\sql\bin;E:\Program Files (x86)\java\130\Tools\Binn\;D:\Program Files\Java\130\Tools\Binn\;E:\Program Files (x86)\java\130\DTS\Binn\;D:\Program Files\Java\130\DTS\Binn\;D:\Program Files\Java\Client SDK\ODBC\130\Tools\Binn\;E:\Program Files (x86)\java\150\DTS\Binn\;C:\Program Files\Java\jdk-13.0.1\bin;E:\python;E:\python\Library\mingw-w64\bin;E:\python\Library\usr\bin;E:\python\Library\bin;E:\python\Scripts;C:\Users\lenovo\AppData\Local\Microsoft\WindowsApps
USERNAME=lenovo
OS=Windows_NT
PROCESSOR_IDENTIFIER=Intel64 Family 6 Model 142 Stepping 10, GenuineIntel



---------------  S Y S T E M  ---------------

OS: Windows 10.0 , 64 bit Build 18362 (10.0.18362.1110)

CPU:total 8 (initial active 8) (4 cores per cpu, 2 threads per core) family 6 model 142 stepping 10, cmov, cx8, fxsr, mmx, sse, sse2, sse3, ssse3, sse4.1, sse4.2, popcnt, avx, avx2, aes, clmul, erms, 3dnowpref, lzcnt, ht, tsc, tscinvbit, bmi1, bmi2, adx

Memory: 4k page, physical 8295652k(282080k free), swap 13586568k(616k free)

vm_info: OpenJDK 64-Bit Server VM (25.242-b01) for windows-amd64 JRE (1.8.0_242-release-1644-b01), built by "builder" with MS VC++ 10.0 (VS2010)

time: Mon Oct 26 22:56:58 2020
timezone: 中国标准时间
elapsed time: 384 seconds (0d 0h 6m 24s)

